Learn-Android/JSON Extracting Project/app/build/intermediates/manifest_merge_blame_file/debug/manifest-merger-blame-debug-report.txt
1<?xml version="1.0" encoding="utf-8"?>
2<manifest xmlns:android="http://schemas.android.com/apk/res/android"
3    package="com.kumar.akshay.flickerbrowser"
4    android:versionCode="1"
5    android:versionName="1.0" >
6
7    <uses-sdk
8        android:minSdkVersion="17"
8-->src\main\AndroidManifest.xml
9        android:targetSdkVersion="29" />
9-->src\main\AndroidManifest.xml
10
11    <uses-permission android:name="android.permission.INTERNET" />
11-->src\main\AndroidManifest.xml:5:5-67
11-->src\main\AndroidManifest.xml:5:22-64
12
13    <application
13-->src\main\AndroidManifest.xml:7:5-40:19
14        android:allowBackup="true"
14-->src\main\AndroidManifest.xml:8:9-35
15        android:appComponentFactory="androidx.core.app.CoreComponentFactory"
15-->[androidx.core:core:1.1.0] AndroidManifest.xml:24:18-86
16        android:debuggable="true"
17        android:icon="@mipmap/ic_launcher"
17-->src\main\AndroidManifest.xml:9:9-43
18        android:label="@string/app_name"
18-->src\main\AndroidManifest.xml:10:9-41
19        android:roundIcon="@mipmap/ic_launcher_round"
19-->src\main\AndroidManifest.xml:11:9-54
20        android:supportsRtl="true"
20-->src\main\AndroidManifest.xml:12:9-35
21        android:testOnly="true"
22        android:theme="@style/Theme.AppCompat.Light.NoActionBar" >
22-->src\main\AndroidManifest.xml:13:9-65
23        <activity android:name="com.kumar.akshay.flickerbrowser.LauncherActivity" >
23-->src\main\AndroidManifest.xml:14:9-20:20
23-->src\main\AndroidManifest.xml:14:19-51
24            <intent-filter>
24-->src\main\AndroidManifest.xml:15:13-19:29
25                <action android:name="android.intent.action.MAIN" />
25-->src\main\AndroidManifest.xml:16:17-69
25-->src\main\AndroidManifest.xml:16:25-66
26
27                <category android:name="android.intent.category.LAUNCHER" />
27-->src\main\AndroidManifest.xml:18:17-77
27-->src\main\AndroidManifest.xml:18:27-74
28            </intent-filter>
29        </activity>
30        <activity
30-->src\main\AndroidManifest.xml:21:9-29:20
31            android:name="com.kumar.akshay.flickerbrowser.FullView"
31-->src\main\AndroidManifest.xml:22:13-37
32            android:label="Image View"
32-->src\main\AndroidManifest.xml:23:13-39
33            android:parentActivityName="com.kumar.akshay.flickerbrowser.MainActivity" >
33-->src\main\AndroidManifest.xml:24:13-55
34            <meta-data
34-->src\main\AndroidManifest.xml:25:13-27:84
35                android:name="android.support.PARENT_ACTIVITY"
35-->src\main\AndroidManifest.xml:26:17-63
36                android:value="com.kumar.akshay.flickerbrowser.LauncherActivity" />
36-->src\main\AndroidManifest.xml:27:17-81
37        </activity>
38        <activity
38-->src\main\AndroidManifest.xml:30:9-39:20
39            android:name="com.kumar.akshay.flickerbrowser.MainActivity"
39-->src\main\AndroidManifest.xml:31:13-41
40            android:launchMode="singleTop" >
40-->src\main\AndroidManifest.xml:32:13-43
41            <meta-data
41-->src\main\AndroidManifest.xml:25:13-27:84
42                android:name="android.support.PARENT_ACTIVITY"
42-->src\main\AndroidManifest.xml:26:17-63
43                android:value="com.kumar.akshay.flickerbrowser.MainActivity" />
43-->src\main\AndroidManifest.xml:27:17-81
44            <meta-data
44-->src\main\AndroidManifest.xml:36:13-37:54
45                android:name="android.app.searchable"
45-->src\main\AndroidManifest.xml:36:24-61
46                android:resource="@xml/searchable" />
46-->src\main\AndroidManifest.xml:37:17-51
47        </activity>
48
49        <provider
49-->[com.squareup.picasso:picasso:2.71828] AndroidManifest.xml:8:9-11:40
50            android:name="com.squareup.picasso.PicassoProvider"
50-->[com.squareup.picasso:picasso:2.71828] AndroidManifest.xml:9:13-64
51            android:authorities="com.kumar.akshay.flickerbrowser.com.squareup.picasso"
51-->[com.squareup.picasso:picasso:2.71828] AndroidManifest.xml:10:13-72
52            android:exported="false" />
52-->[com.squareup.picasso:picasso:2.71828] AndroidManifest.xml:11:13-37
53    </application>
54
55</manifest>